kvector: 0.000000 0.000000 0.000000
--------------------------------------------------------------------------------
0.000000+0.000000i 0.000000+0.000000i 0.000000+0.000000i 
0.000000+0.000000i 0.000000+0.000000i 0.000000+0.000000i 
0.000000+0.000000i 0.000000+0.000000i 0.000000+0.000000i 
--------------------------------------------------------------------------------
dispersion: 0.000000 0.00000000e+00 2.92370617e-150 3.28211632e-154 
kvector: 1.000000 0.000000 0.000000
--------------------------------------------------------------------------------
1.000000+0.000000i -0.000000+0.000000i -0.000000+0.000000i 
-0.000000+0.000000i -0.706661+0.025109i -0.705974-0.040011i 
0.000000-0.000000i 0.706661-0.025109i -0.705974-0.040011i 
--------------------------------------------------------------------------------
dispersion: 0.007071 8.55740407e-01 8.77958234e-01 7.28888528e-01 
kvector: 1.000000 0.000000 0.000000
--------------------------------------------------------------------------------
1.000000+0.000000i -0.000000+0.000000i -0.000000+0.000000i 
-0.000000+0.000000i -0.705309+0.050395i -0.702748-0.078392i 
0.000000-0.000000i 0.705309-0.050395i -0.702748-0.078392i 
--------------------------------------------------------------------------------
dispersion: 0.014142 1.70900905e+00 1.75289024e+00 1.45467337e+00 
kvector: 1.000000 0.000000 0.000000
--------------------------------------------------------------------------------
1.000000+0.000000i -0.000000+0.000000i -0.000000+0.000000i 
-0.000000+0.000000i -0.703094+0.075221i -0.697316-0.117264i 
0.000000-0.000000i 0.703094-0.075221i -0.697316-0.117264i 
--------------------------------------------------------------------------------
dispersion: 0.021213 2.55734730e+00 2.62178409e+00 2.17426534e+00 
kvector: 1.000000 0.000000 0.000000
--------------------------------------------------------------------------------
1.000000+0.000000i -0.000000+0.000000i -0.000000+0.000000i 
-0.000000+0.000000i -0.700003+0.099978i -0.691251-0.148905i 
0.000000-0.000000i 0.700003-0.099978i -0.691251-0.148905i 
--------------------------------------------------------------------------------
dispersion: 0.028284 3.39832274e+00 3.48165642e+00 2.88460430e+00 
kvector: 1.000000 0.000000 0.000000
--------------------------------------------------------------------------------
1.000000+0.000000i -0.000000+0.000000i -0.000000+0.000000i 
-0.000000+0.000000i -0.696008+0.124792i -0.684002-0.179281i 
0.000000-0.000000i 0.696008-0.124792i -0.684002-0.179281i 
--------------------------------------------------------------------------------
dispersion: 0.035355 4.22954219e+00 4.32956662e+00 3.58267357e+00 
kvector: 1.000000 0.000000 0.000000
--------------------------------------------------------------------------------
1.000000+0.000000i -0.000000+0.000000i -0.000000+0.000000i 
-0.000000+0.000000i -0.691422+0.148106i -0.673385-0.215760i 
0.000000-0.000000i 0.691422-0.148106i -0.673385-0.215760i 
--------------------------------------------------------------------------------
dispersion: 0.042426 5.04866472e+00 5.16263096e+00 4.26551442e+00 
kvector: 1.000000 0.000000 0.000000
--------------------------------------------------------------------------------
1.000000+0.000000i -0.000000+0.000000i -0.000000+0.000000i 
-0.000000+0.000000i -0.685804+0.172258i -0.667487-0.233370i 
0.000000-0.000000i 0.685804-0.172258i -0.667487-0.233370i 
--------------------------------------------------------------------------------
dispersion: 0.049497 5.85341448e+00 5.97803657e+00 4.93024044e+00 
kvector: 1.000000 0.000000 0.000000
--------------------------------------------------------------------------------
1.000000+0.000000i -0.000000+0.000000i -0.000000+0.000000i 
-0.000000+0.000000i -0.679718+0.194894i -0.658526-0.257573i 
0.000000-0.000000i 0.679718-0.194894i -0.658526-0.257573i 
--------------------------------------------------------------------------------
dispersion: 0.056569 6.64159342e+00 6.77305525e+00 5.57405187e+00 
kvector: 1.000000 0.000000 0.000000
--------------------------------------------------------------------------------
1.000000+0.000000i -0.000000+0.000000i -0.000000+0.000000i 
-0.000000+0.000000i -0.672690+0.217917i -0.653184-0.270834i 
0.000000-0.000000i 0.672690-0.217917i -0.653184-0.270834i 
--------------------------------------------------------------------------------
dispersion: 0.063640 7.41109392e+00 7.54505713e+00 6.19424996e+00 
kvector: 1.000000 0.000000 0.000000
--------------------------------------------------------------------------------
1.000000+0.000000i -0.000000+0.000000i -0.000000+0.000000i 
-0.000000+0.000000i -0.665103+0.240078i -0.646234-0.287023i 
0.000000-0.000000i 0.665103-0.240078i -0.646234-0.287023i 
--------------------------------------------------------------------------------
dispersion: 0.070711 8.15991111e+00 8.29152412e+00 6.78825122e+00 
kvector: 1.000000 0.000000 0.000000
--------------------------------------------------------------------------------
1.000000+0.000000i -0.000000+0.000000i -0.000000+0.000000i 
-0.000000+0.000000i -0.656910+0.261666i -0.640641-0.299297i 
0.000000-0.000000i 0.656910-0.261666i -0.640641-0.299297i 
--------------------------------------------------------------------------------
dispersion: 0.077782 8.88615518e+00 9.01006318e+00 7.35360173e+00 
kvector: 1.000000 0.000000 0.000000
--------------------------------------------------------------------------------
1.000000+0.000000i -0.000000+0.000000i -0.000000+0.000000i 
-0.000000+0.000000i -0.648334+0.282246i -0.638089-0.304701i 
0.000000-0.000000i 0.648334-0.282246i -0.638089-0.304701i 
--------------------------------------------------------------------------------
dispersion: 0.084853 9.58806331e+00 9.69841929e+00 7.88799152e+00 
kvector: 1.000000 0.000000 0.000000
--------------------------------------------------------------------------------
1.000000+0.000000i -0.000000+0.000000i -0.000000+0.000000i 
-0.000000+0.000000i -0.638941+0.302909i -0.637435-0.306065i 
0.000000-0.000000i 0.638941-0.302909i -0.637435-0.306065i 
--------------------------------------------------------------------------------
dispersion: 0.091924 1.02640114e+01 1.03544882e+01 8.38926905e+00 
kvector: 1.000000 0.000000 0.000000
--------------------------------------------------------------------------------
1.000000+0.000000i -0.000000+0.000000i -0.000000+0.000000i 
-0.000000+0.000000i -0.630043+0.321007i -0.633107-0.314922i 
0.000000-0.000000i 0.630043-0.321007i -0.633107-0.314922i 
--------------------------------------------------------------------------------
dispersion: 0.098995 1.09125257e+01 1.09763291e+01 8.85545590e+00 
kvector: 1.000000 0.000000 0.000000
--------------------------------------------------------------------------------
1.000000+0.000000i -0.000000+0.000000i -0.000000+0.000000i 
-0.000000+0.000000i -0.619377+0.341134i -0.632049-0.317040i 
0.000000-0.000000i 0.619377-0.341134i -0.632049-0.317040i 
--------------------------------------------------------------------------------
dispersion: 0.106066 1.15322939e+01 1.15621768e+01 9.28476179e+00 
kvector: 1.000000 0.000000 0.000000
--------------------------------------------------------------------------------
1.000000+0.000000i 0.000000+0.000000i -0.000000+0.000000i 
0.000000-0.000000i -0.610248+0.357207i -0.629422-0.322223i 
-0.000000+0.000000i 0.610248-0.357207i -0.629422-0.322223i 
--------------------------------------------------------------------------------
dispersion: 0.113137 1.21221761e+01 1.21104537e+01 9.67560007e+00 
kvector: 1.000000 0.000000 0.000000
--------------------------------------------------------------------------------
1.000000+0.000000i 0.000000+0.000000i -0.000000+0.000000i 
0.000000-0.000000i -0.600164+0.373902i -0.633251-0.314631i 
-0.000000+0.000000i 0.600164-0.373902i -0.633251-0.314631i 
--------------------------------------------------------------------------------
dispersion: 0.120208 1.26812152e+01 1.26197819e+01 1.00266040e+01 
kvector: 1.000000 0.000000 0.000000
--------------------------------------------------------------------------------
1.000000+0.000000i 0.000000+0.000000i -0.000000+0.000000i 
0.000000-0.000000i -0.590584+0.388858i -0.635004-0.311079i 
-0.000000+0.000000i 0.590584-0.388858i -0.635004-0.311079i 
--------------------------------------------------------------------------------
dispersion: 0.127279 1.32086476e+01 1.30889947e+01 1.03366436e+01 
kvector: 1.000000 0.000000 0.000000
--------------------------------------------------------------------------------
1.000000+0.000000i 0.000000+0.000000i -0.000000+0.000000i 
0.000000-0.000000i -0.581479+0.402346i -0.635177-0.310725i 
-0.000000+0.000000i 0.581479-0.402346i -0.635177-0.310725i 
--------------------------------------------------------------------------------
dispersion: 0.134350 1.37039125e+01 1.35171485e+01 1.06048445e+01 
kvector: 1.000000 0.000000 0.000000
--------------------------------------------------------------------------------
1.000000+0.000000i 0.000000+0.000000i -0.000000+0.000000i 
0.000000-0.000000i -0.570480+0.417795i -0.639482-0.301766i 
-0.000000+0.000000i 0.570480-0.417795i -0.639482-0.301766i 
--------------------------------------------------------------------------------
dispersion: 0.141421 1.41666618e+01 1.39035335e+01 1.08306074e+01 
kvector: 1.000000 0.000000 0.000000
--------------------------------------------------------------------------------
1.000000+0.000000i 0.000000+0.000000i -0.000000+0.000000i 
0.000000-0.000000i -0.561267+0.430092i -0.643005-0.294185i 
-0.000000+0.000000i 0.561267-0.430092i -0.643005-0.294185i 
--------------------------------------------------------------------------------
dispersion: 0.148492 1.45967683e+01 1.42476859e+01 1.10136306e+01 
kvector: 1.000000 0.000000 0.000000
--------------------------------------------------------------------------------
1.000000+0.000000i 0.000000+0.000000i -0.000000+0.000000i 
0.000000-0.000000i -0.552443+0.441369i -0.647698-0.283704i 
-0.000000+0.000000i 0.552443-0.441369i -0.647698-0.283704i 
--------------------------------------------------------------------------------
dispersion: 0.155563 1.49943346e+01 1.45493987e+01 1.11539347e+01 
kvector: 1.000000 0.000000 0.000000
--------------------------------------------------------------------------------
1.000000+0.000000i 0.000000+0.000000i -0.000000+0.000000i 
0.000000-0.000000i -0.543097+0.452820i -0.650548-0.277105i 
-0.000000+0.000000i 0.543097-0.452820i -0.650548-0.277105i 
--------------------------------------------------------------------------------
dispersion: 0.162635 1.53597003e+01 1.48087336e+01 1.12518911e+01 
kvector: 1.000000 0.000000 0.000000
--------------------------------------------------------------------------------
1.000000+0.000000i 0.000000+0.000000i -0.000000+0.000000i 
0.000000-0.000000i -0.536117+0.461062i -0.655310-0.265648i 
-0.000000+0.000000i 0.536117-0.461062i -0.655310-0.265648i 
--------------------------------------------------------------------------------
dispersion: 0.169706 1.56934489e+01 1.50260320e+01 1.13082545e+01 
kvector: 1.000000 0.000000 0.000000
--------------------------------------------------------------------------------
1.000000+0.000000i 0.000000+0.000000i -0.000000+0.000000i 
0.000000-0.000000i -0.531956+0.465858i -0.659113-0.256066i 
-0.000000+0.000000i 0.531956-0.465858i -0.659113-0.256066i 
--------------------------------------------------------------------------------
dispersion: 0.176777 1.59964133e+01 1.52019271e+01 1.13242011e+01 
kvector: 1.000000 0.000000 0.000000
--------------------------------------------------------------------------------
1.000000+0.000000i 0.000000+0.000000i -0.000000+0.000000i 
0.000000-0.000000i -0.527685+0.470689i -0.663723-0.243867i 
-0.000000+0.000000i 0.527685-0.470689i -0.663723-0.243867i 
--------------------------------------------------------------------------------
dispersion: 0.183848 1.62696806e+01 1.53373556e+01 1.13013729e+01 
kvector: 1.000000 0.000000 0.000000
--------------------------------------------------------------------------------
1.000000+0.000000i 0.000000+0.000000i -0.000000+0.000000i 
0.000000-0.000000i -0.520954+0.478128i -0.670425-0.224789i 
-0.000000+0.000000i 0.520954-0.478128i -0.670425-0.224789i 
--------------------------------------------------------------------------------
dispersion: 0.190919 1.65145944e+01 1.54335696e+01 1.12419302e+01 
kvector: 1.000000 0.000000 0.000000
--------------------------------------------------------------------------------
1.000000+0.000000i 0.000000+0.000000i -0.000000+0.000000i 
0.000000-0.000000i -0.519876+0.479301i -0.675301-0.209687i 
-0.000000+0.000000i 0.519876-0.479301i -0.675301-0.209687i 
--------------------------------------------------------------------------------
dispersion: 0.197990 1.67327566e+01 1.54921487e+01 1.11486127e+01 
kvector: 1.000000 0.000000 0.000000
--------------------------------------------------------------------------------
1.000000+0.000000i 0.000000+0.000000i -0.000000+0.000000i 
0.000000-0.000000i -0.522311+0.476646i -0.677324-0.203058i 
-0.000000+0.000000i 0.522311-0.476646i -0.677324-0.203058i 
--------------------------------------------------------------------------------
dispersion: 0.205061 1.69260254e+01 1.55150120e+01 1.10248097e+01 
kvector: 1.000000 0.000000 0.000000
--------------------------------------------------------------------------------
1.000000+0.000000i 0.000000+0.000000i -0.000000+0.000000i 
0.000000-0.000000i -0.522047+0.476935i -0.684494-0.177393i 
-0.000000+0.000000i 0.522047-0.476935i -0.684494-0.177393i 
--------------------------------------------------------------------------------
dispersion: 0.212132 1.70965118e+01 1.55044296e+01 1.08746411e+01 
kvector: 1.000000 0.000000 0.000000
--------------------------------------------------------------------------------
1.000000+0.000000i 0.000000+0.000000i -0.000000+0.000000i 
0.000000-0.000000i -0.527356+0.471058i -0.688918-0.159347i 
-0.000000+0.000000i 0.527356-0.471058i -0.688918-0.159347i 
--------------------------------------------------------------------------------
dispersion: 0.219203 1.72465719e+01 1.54630331e+01 1.07030456e+01 
kvector: 1.000000 0.000000 0.000000
--------------------------------------------------------------------------------
1.000000+0.000000i 0.000000+0.000000i -0.000000+0.000000i 
0.000000-0.000000i -0.533122+0.464522i -0.692370-0.143611i 
-0.000000+0.000000i 0.533122-0.464522i -0.692370-0.143611i 
--------------------------------------------------------------------------------
dispersion: 0.226274 1.73787955e+01 1.53938250e+01 1.05158733e+01 
kvector: 1.000000 0.000000 0.000000
--------------------------------------------------------------------------------
1.000000+0.000000i 0.000000+0.000000i -0.000000+0.000000i 
0.000000-0.000000i -0.541484+0.454747i -0.697770-0.114531i 
-0.000000+0.000000i 0.541484-0.454747i -0.697770-0.114531i 
--------------------------------------------------------------------------------
dispersion: 0.233345 1.74959903e+01 1.53001846e+01 1.03199733e+01 
kvector: 1.000000 0.000000 0.000000
--------------------------------------------------------------------------------
1.000000+0.000000i 0.000000+0.000000i -0.000000+0.000000i 
0.000000-0.000000i -0.559021+0.433008i -0.698303-0.111232i 
-0.000000+0.000000i 0.559021-0.433008i -0.698303-0.111232i 
--------------------------------------------------------------------------------
dispersion: 0.240416 1.76011602e+01 1.51858706e+01 1.01232613e+01 
kvector: 1.000000 0.000000 0.000000
--------------------------------------------------------------------------------
1.000000+0.000000i 0.000000+0.000000i -0.000000+0.000000i 
0.000000-0.000000i -0.578916+0.406025i -0.700735-0.094710i 
-0.000000+0.000000i 0.578916-0.406025i -0.700735-0.094710i 
--------------------------------------------------------------------------------
dispersion: 0.247487 1.76974780e+01 1.50550170e+01 9.93474287e+00 
kvector: 1.000000 0.000000 0.000000
--------------------------------------------------------------------------------
1.000000+0.000000i 0.000000+0.000000i -0.000000+0.000000i 
0.000000-0.000000i -0.600609+0.373188i -0.705144-0.052643i 
-0.000000+0.000000i 0.600609-0.373188i -0.705144-0.052643i 
--------------------------------------------------------------------------------
dispersion: 0.254558 1.77882516e+01 1.49121202e+01 9.76445768e+00 
kvector: 1.000000 0.000000 0.000000
--------------------------------------------------------------------------------
1.000000+0.000000i 0.000000+0.000000i -0.000000+0.000000i 
0.000000-0.000000i -0.626935+0.327035i -0.706198-0.035835i 
-0.000000+0.000000i 0.626935-0.327035i -0.706198-0.035835i 
--------------------------------------------------------------------------------
dispersion: 0.261630 1.78768834e+01 1.47620151e+01 9.62330288e+00 
kvector: 1.000000 0.000000 0.000000
--------------------------------------------------------------------------------
1.000000+0.000000i 0.000000+0.000000i -0.000000+0.000000i 
0.000000-0.000000i -0.651029+0.275973i -0.706535-0.028441i 
-0.000000+0.000000i 0.651029-0.275973i -0.706535-0.028441i 
--------------------------------------------------------------------------------
dispersion: 0.268701 1.79668225e+01 1.46098351e+01 9.52269275e+00 
kvector: 1.000000 0.000000 0.000000
--------------------------------------------------------------------------------
1.000000+0.000000i 0.000000+0.000000i -0.000000+0.000000i 
0.000000-0.000000i -0.670997+0.223077i -0.705586+0.046356i 
-0.000000+0.000000i 0.670997-0.223077i -0.705586+0.046356i 
--------------------------------------------------------------------------------
dispersion: 0.275772 1.80615110e+01 1.44609526e+01 9.47403018e+00 
kvector: 1.000000 0.000000 0.000000
--------------------------------------------------------------------------------
1.000000+0.000000i 0.000000+0.000000i -0.000000+0.000000i 
0.000000-0.000000i -0.694993+0.130327i -0.705078+0.053532i 
-0.000000+0.000000i 0.694993-0.130327i -0.705078+0.053532i 
--------------------------------------------------------------------------------
dispersion: 0.282843 1.81643247e+01 1.43208979e+01 9.48800594e+00 
kvector: 1.000000 0.000000 0.000000
--------------------------------------------------------------------------------
1.000000+0.000000i 0.000000+0.000000i -0.000000+0.000000i 
0.000000-0.000000i -0.701528+0.088648i -0.705151+0.052559i 
-0.000000+0.000000i 0.701528-0.088648i -0.705151+0.052559i 
--------------------------------------------------------------------------------
dispersion: 0.289914 1.82785093e+01 1.41952513e+01 9.57380354e+00 
kvector: 1.000000 0.000000 0.000000
--------------------------------------------------------------------------------
1.000000+0.000000i 0.000000+0.000000i -0.000000+0.000000i 
0.000000+0.000000i -0.706954+0.014700i -0.703685+0.069476i 
-0.000000+0.000000i 0.706954-0.014700i -0.703685+0.069476i 
--------------------------------------------------------------------------------
dispersion: 0.296985 1.84071154e+01 1.40895097e+01 9.73834827e+00 
kvector: 1.000000 0.000000 0.000000
--------------------------------------------------------------------------------
1.000000+0.000000i 0.000000+0.000000i -0.000000+0.000000i 
0.000000+0.000000i -0.704761-0.057547i -0.696777+0.120422i 
-0.000000-0.000000i 0.704761+0.057547i -0.696777+0.120422i 
--------------------------------------------------------------------------------
dispersion: 0.304056 1.85529337e+01 1.40089297e+01 9.98576430e+00 
kvector: 1.000000 0.000000 0.000000
--------------------------------------------------------------------------------
1.000000+0.000000i 0.000000+0.000000i -0.000000+0.000000i 
0.000000+0.000000i -0.697146-0.118268i -0.703171+0.074502i 
-0.000000-0.000000i 0.697146+0.118268i -0.703171+0.074502i 
--------------------------------------------------------------------------------
dispersion: 0.311127 1.87184339e+01 1.39583521e+01 1.03171665e+01 
kvector: 1.000000 0.000000 0.000000
--------------------------------------------------------------------------------
1.000000+0.000000i 0.000000+0.000000i -0.000000+0.000000i 
0.000000+0.000000i -0.686582-0.169129i -0.703103+0.075137i 
-0.000000-0.000000i 0.686582+0.169129i -0.703103+0.075137i 
--------------------------------------------------------------------------------
dispersion: 0.318198 1.89057100e+01 1.39420205e+01 1.07308217e+01 
kvector: 1.000000 0.000000 0.000000
--------------------------------------------------------------------------------
1.000000+0.000000i 0.000000+0.000000i -0.000000+0.000000i 
0.000000+0.000000i -0.682556-0.184710i -0.685268+0.174378i 
-0.000000-0.000000i 0.682556+0.184710i -0.685268+0.174378i 
--------------------------------------------------------------------------------
dispersion: 0.325269 1.91164361e+01 1.39634070e+01 1.12226089e+01 
kvector: 1.000000 0.000000 0.000000
--------------------------------------------------------------------------------
1.000000+0.000000i 0.000000+0.000000i -0.000000+0.000000i 
0.000000+0.000000i -0.677850-0.201294i -0.697210+0.117892i 
-0.000000-0.000000i 0.677850+0.201294i -0.697210+0.117892i 
--------------------------------------------------------------------------------
dispersion: 0.332340 1.93518326e+01 1.40250617e+01 1.17866438e+01 
kvector: 1.000000 0.000000 0.000000
--------------------------------------------------------------------------------
1.000000+0.000000i 0.000000+0.000000i -0.000000+0.000000i 
0.000000+0.000000i -0.632614-0.315911i -0.688759+0.160035i 
-0.000000-0.000000i 0.632614+0.315911i -0.688759+0.160035i 
--------------------------------------------------------------------------------
dispersion: 0.339411 1.96126483e+01 1.41285032e+01 1.24159236e+01 
kvector: 1.000000 0.000000 0.000000
--------------------------------------------------------------------------------
1.000000+0.000000i 0.000000+0.000000i -0.000000+0.000000i 
0.000000+0.000000i -0.672241-0.219298i -0.706871-0.018272i 
-0.000000-0.000000i 0.672241+0.219298i -0.706871-0.018272i 
--------------------------------------------------------------------------------
dispersion: 0.346482 1.98991554e+01 1.42741608e+01 1.31028905e+01 
kvector: 1.000000 0.000000 0.000000
--------------------------------------------------------------------------------
1.000000+0.000000i 0.000000+0.000000i -0.000000+0.000000i 
0.000000+0.000000i -0.620914-0.338328i -0.706937+0.015474i 
-0.000000-0.000000i 0.620914+0.338328i -0.706937+0.015474i 
--------------------------------------------------------------------------------
dispersion: 0.353553 2.02111597e+01 1.44613767e+01 1.38398644e+01 
kvector: 1.000000 0.000000 0.000000
--------------------------------------------------------------------------------
1.000000+0.000000i 0.000000+0.000000i -0.000000+0.000000i 
0.000000+0.000000i -0.656335-0.263105i -0.707019-0.011111i 
-0.000000-0.000000i 0.656335+0.263105i -0.707019-0.011111i 
--------------------------------------------------------------------------------
dispersion: 0.360624 2.05480245e+01 1.46884646e+01 1.46193389e+01 
kvector: 1.000000 0.000000 0.000000
--------------------------------------------------------------------------------
1.000000+0.000000i 0.000000+0.000000i -0.000000+0.000000i 
0.000000+0.000000i -0.669213-0.228372i -0.696292-0.123197i 
-0.000000-0.000000i 0.669213+0.228372i -0.696292-0.123197i 
--------------------------------------------------------------------------------
dispersion: 0.367696 2.09087054e+01 1.49528174e+01 1.54341620e+01 
kvector: 1.000000 0.000000 0.000000
--------------------------------------------------------------------------------
1.000000+0.000000i -0.000000+0.000000i -0.000000+0.000000i 
-0.000000-0.000000i -0.706675+0.024714i 0.690408-0.152762i 
-0.000000+0.000000i -0.706675+0.024714i -0.690408+0.152762i 
--------------------------------------------------------------------------------
dispersion: 0.374767 2.12917945e+01 1.62776307e+01 1.52510498e+01 
kvector: 1.000000 0.000000 0.000000
--------------------------------------------------------------------------------
1.000000+0.000000i -0.000000+0.000000i -0.000000+0.000000i 
-0.000000+0.000000i -0.703188+0.074341i 0.697235+0.117743i 
-0.000000+0.000000i -0.703188+0.074341i -0.697235-0.117743i 
--------------------------------------------------------------------------------
dispersion: 0.381838 2.16955707e+01 1.71435267e+01 1.55791603e+01 
kvector: 1.000000 0.000000 0.000000
--------------------------------------------------------------------------------
1.000000+0.000000i -0.000000+0.000000i -0.000000+0.000000i 
-0.000000-0.000000i -0.684861-0.175971i 0.539070-0.457606i 
-0.000000-0.000000i -0.684861-0.175971i -0.539070+0.457606i 
--------------------------------------------------------------------------------
dispersion: 0.388909 2.21180542e+01 1.80261170e+01 1.59326973e+01 
kvector: 1.000000 0.000000 0.000000
--------------------------------------------------------------------------------
1.000000+0.000000i -0.000000+0.000000i 0.000000+0.000000i 
-0.000000-0.000000i -0.707090-0.004903i 0.206443+0.676300i 
-0.000000+0.000000i -0.707090-0.004903i -0.206443-0.676300i 
--------------------------------------------------------------------------------
dispersion: 0.395980 2.25570614e+01 1.89201353e+01 1.63069174e+01 
kvector: 1.000000 0.000000 0.000000
--------------------------------------------------------------------------------
1.000000+0.000000i -0.000000+0.000000i 0.000000+0.000000i 
-0.000000-0.000000i -0.703277-0.073497i 0.428173+0.562733i 
-0.000000+0.000000i -0.703277-0.073497i -0.428173-0.562733i 
--------------------------------------------------------------------------------
dispersion: 0.403051 2.30102597e+01 1.98207538e+01 1.66969268e+01 
kvector: 1.000000 0.000000 0.000000
--------------------------------------------------------------------------------
1.000000+0.000000i -0.000000+0.000000i 0.000000+0.000000i 
-0.000000-0.000000i -0.703257-0.073687i 0.501877+0.498116i 
-0.000000+0.000000i -0.703257-0.073687i -0.501877-0.498116i 
--------------------------------------------------------------------------------
dispersion: 0.410122 2.34752191e+01 2.07235532e+01 1.70978025e+01 
kvector: 1.000000 0.000000 0.000000
--------------------------------------------------------------------------------
1.000000+0.000000i -0.000000+0.000000i -0.000000+0.000000i 
-0.000000-0.000000i -0.706376-0.032130i -0.512152-0.487545i 
-0.000000+0.000000i -0.706376-0.032130i 0.512152+0.487545i 
--------------------------------------------------------------------------------
dispersion: 0.417193 2.39494604e+01 2.16244935e+01 1.75046909e+01 
kvector: 1.000000 0.000000 0.000000
--------------------------------------------------------------------------------
1.000000+0.000000i -0.000000+0.000000i -0.000000+0.000000i 
-0.000000-0.000000i -0.705945+0.040524i -0.526994-0.471463i 
-0.000000+0.000000i -0.705945+0.040524i 0.526994+0.471463i 
--------------------------------------------------------------------------------
dispersion: 0.424264 2.44304990e+01 2.25198883e+01 1.79128855e+01 
kvector: 1.000000 0.000000 0.000000
--------------------------------------------------------------------------------
1.000000+0.000000i -0.000000+0.000000i -0.000000+0.000000i 
-0.000000-0.000000i -0.706115-0.037436i -0.574498-0.412252i 
-0.000000+0.000000i -0.706115-0.037436i 0.574498+0.412252i 
--------------------------------------------------------------------------------
dispersion: 0.431335 2.49158833e+01 2.34063824e+01 1.83178858e+01 
kvector: 1.000000 0.000000 0.000000
--------------------------------------------------------------------------------
1.000000+0.000000i -0.000000+0.000000i -0.000000+0.000000i 
-0.000000-0.000000i -0.703480-0.071527i -0.541823-0.454343i 
-0.000000+0.000000i -0.703480-0.071527i 0.541823+0.454343i 
--------------------------------------------------------------------------------
dispersion: 0.438406 2.54032286e+01 2.42809331e+01 1.87154410e+01 
kvector: 1.000000 0.000000 0.000000
--------------------------------------------------------------------------------
1.000000+0.000000i -0.000000+0.000000i -0.000000+0.000000i 
-0.000000-0.000000i -0.707099+0.003342i -0.586843-0.394481i 
-0.000000+0.000000i -0.707099+0.003342i 0.586843+0.394481i 
--------------------------------------------------------------------------------
dispersion: 0.445477 2.58902456e+01 2.51407954e+01 1.91015804e+01 
kvector: 1.000000 0.000000 0.000000
--------------------------------------------------------------------------------
1.000000+0.000000i -0.000000+0.000000i -0.000000+0.000000i 
-0.000000-0.000000i -0.706670-0.024850i -0.582700-0.400576i 
-0.000000+0.000000i -0.706670-0.024850i 0.582700+0.400576i 
--------------------------------------------------------------------------------
dispersion: 0.452548 2.63747654e+01 2.59835093e+01 1.94726355e+01 
kvector: 1.000000 0.000000 0.000000
--------------------------------------------------------------------------------
1.000000+0.000000i -0.000000+0.000000i -0.000000+0.000000i 
-0.000000-0.000000i -0.707087+0.005345i -0.588143-0.392540i 
-0.000000+0.000000i -0.707087+0.005345i 0.588143+0.392540i 
--------------------------------------------------------------------------------
dispersion: 0.459619 2.68547584e+01 2.68068905e+01 1.98252535e+01 
kvector: 1.000000 0.000000 0.000000
--------------------------------------------------------------------------------
1.000000+0.000000i 0.000000+0.000000i -0.000000+0.000000i 
0.000000-0.000000i -0.702010+0.084749i -0.596052-0.380423i 
0.000000-0.000000i -0.702010+0.084749i 0.596052+0.380423i 
--------------------------------------------------------------------------------
dispersion: 0.466690 2.73283514e+01 2.76090216e+01 2.01564072e+01 
kvector: 1.000000 0.000000 0.000000
--------------------------------------------------------------------------------
1.000000+0.000000i 0.000000+0.000000i -0.000000+0.000000i 
0.000000-0.000000i -0.701204+0.091174i -0.611962-0.354263i 
0.000000-0.000000i -0.701204+0.091174i 0.611962+0.354263i 
--------------------------------------------------------------------------------
dispersion: 0.473762 2.77938395e+01 2.83882463e+01 2.04634000e+01 
kvector: 1.000000 0.000000 0.000000
--------------------------------------------------------------------------------
1.000000+0.000000i 0.000000+0.000000i -0.000000+0.000000i 
0.000000-0.000000i -0.697744+0.114691i -0.616343-0.346585i 
0.000000-0.000000i -0.697744+0.114691i 0.616343+0.346585i 
--------------------------------------------------------------------------------
dispersion: 0.480833 2.82496957e+01 2.91431632e+01 2.07438704e+01 
kvector: 1.000000 0.000000 0.000000
--------------------------------------------------------------------------------
1.000000+0.000000i 0.000000+0.000000i -0.000000+0.000000i 
0.000000-0.000000i -0.701413+0.089555i -0.627298-0.326340i 
0.000000+0.000000i -0.701413+0.089555i 0.627298+0.326340i 
--------------------------------------------------------------------------------
dispersion: 0.487904 2.86945772e+01 2.98726207e+01 2.09957930e+01 
kvector: 1.000000 0.000000 0.000000
--------------------------------------------------------------------------------
1.000000+0.000000i 0.000000+0.000000i -0.000000+0.000000i 
0.000000-0.000000i -0.692793+0.141557i -0.628077-0.324837i 
0.000000-0.000000i -0.692793+0.141557i 0.628077+0.324837i 
--------------------------------------------------------------------------------
dispersion: 0.494975 2.91273298e+01 3.05757118e+01 2.12174809e+01 
kvector: 1.000000 0.000000 0.000000
--------------------------------------------------------------------------------
1.000000+0.000000i 0.000000+0.000000i -0.000000+0.000000i 
0.000000-0.000000i -0.684832+0.176083i -0.635954-0.309131i 
0.000000-0.000000i -0.684832+0.176083i 0.635954+0.309131i 
--------------------------------------------------------------------------------
dispersion: 0.502046 2.95469890e+01 3.12517688e+01 2.14075858e+01 
kvector: 1.000000 0.000000 0.000000
--------------------------------------------------------------------------------
1.000000+0.000000i 0.000000+0.000000i -0.000000+0.000000i 
0.000000-0.000000i -0.673625+0.215011i -0.638217-0.304433i 
0.000000-0.000000i -0.673625+0.215011i 0.638217+0.304433i 
--------------------------------------------------------------------------------
dispersion: 0.509117 2.99527797e+01 3.19003577e+01 2.15650996e+01 
kvector: 1.000000 0.000000 0.000000
--------------------------------------------------------------------------------
1.000000+0.000000i 0.000000+0.000000i -0.000000+0.000000i 
0.000000-0.000000i -0.657664+0.259766i -0.641013-0.298500i 
0.000000-0.000000i -0.657664+0.259766i 0.641013+0.298500i 
--------------------------------------------------------------------------------
dispersion: 0.516188 3.03441133e+01 3.25212716e+01 2.16893554e+01 
kvector: 1.000000 0.000000 0.000000
--------------------------------------------------------------------------------
1.000000+0.000000i 0.000000+0.000000i -0.000000+0.000000i 
0.000000-0.000000i -0.671493+0.221580i -0.652704-0.271988i 
0.000000-0.000000i -0.671493+0.221580i 0.652704+0.271988i 
--------------------------------------------------------------------------------
dispersion: 0.523259 3.07205836e+01 3.31145232e+01 2.17800284e+01 
kvector: 1.000000 0.000000 0.000000
--------------------------------------------------------------------------------
1.000000+0.000000i 0.000000+0.000000i -0.000000+0.000000i 
0.000000-0.000000i -0.652936+0.271431i -0.666910-0.235013i 
0.000000-0.000000i -0.652936+0.271431i 0.666910+0.235013i 
--------------------------------------------------------------------------------
dispersion: 0.530330 3.10819598e+01 3.36803363e+01 2.18371377e+01 
kvector: 1.000000 0.000000 0.000000
--------------------------------------------------------------------------------
1.000000+0.000000i 0.000000+0.000000i -0.000000+0.000000i 
0.000000-0.000000i -0.642766+0.294706i -0.667211-0.234156i 
0.000000-0.000000i -0.642766+0.294706i 0.667211+0.234156i 
--------------------------------------------------------------------------------
dispersion: 0.537401 3.14281791e+01 3.42191359e+01 2.18610481e+01 
kvector: 1.000000 0.000000 0.000000
--------------------------------------------------------------------------------
1.000000+0.000000i 0.000000+0.000000i -0.000000+0.000000i 
0.000000-0.000000i -0.622378+0.335628i -0.677086-0.203850i 
0.000000-0.000000i -0.622378+0.335628i 0.677086+0.203850i 
--------------------------------------------------------------------------------
dispersion: 0.544472 3.17593364e+01 3.47315368e+01 2.18524713e+01 
kvector: 1.000000 0.000000 0.000000
--------------------------------------------------------------------------------
1.000000+0.000000i 0.000000+0.000000i -0.000000+0.000000i 
0.000000-0.000000i -0.625976+0.328867i -0.678476-0.199173i 
0.000000-0.000000i -0.625976+0.328867i 0.678476+0.199173i 
--------------------------------------------------------------------------------
dispersion: 0.551543 3.20756735e+01 3.52183309e+01 2.18124674e+01 
kvector: 1.000000 0.000000 0.000000
--------------------------------------------------------------------------------
1.000000+0.000000i 0.000000+0.000000i -0.000000+0.000000i 
0.000000-0.000000i -0.613272+0.351991i -0.682336-0.185521i 
0.000000-0.000000i -0.613272+0.351991i 0.682336+0.185521i 
--------------------------------------------------------------------------------
dispersion: 0.558614 3.23775656e+01 3.56804724e+01 2.17424465e+01 
kvector: 1.000000 0.000000 0.000000
--------------------------------------------------------------------------------
1.000000+0.000000i 0.000000+0.000000i -0.000000+0.000000i 
0.000000-0.000000i -0.605928+0.364488i -0.685804-0.172257i 
0.000000-0.000000i -0.605928+0.364488i 0.685804+0.172257i 
--------------------------------------------------------------------------------
dispersion: 0.565685 3.26655075e+01 3.61190615e+01 2.16441684e+01 
kvector: 1.000000 0.000000 0.000000
--------------------------------------------------------------------------------
1.000000+0.000000i 0.000000+0.000000i -0.000000+0.000000i 
0.000000-0.000000i -0.581573+0.402210i -0.684992-0.175458i 
0.000000-0.000000i -0.581573+0.402210i 0.684992+0.175458i 
--------------------------------------------------------------------------------
dispersion: 0.572756 3.29400977e+01 3.65353272e+01 2.15197424e+01 
kvector: 1.000000 0.000000 0.000000
--------------------------------------------------------------------------------
1.000000+0.000000i 0.000000+0.000000i -0.000000+0.000000i 
0.000000-0.000000i -0.569462+0.419181i -0.689077-0.158659i 
0.000000-0.000000i -0.569462+0.419181i 0.689077+0.158659i 
--------------------------------------------------------------------------------
dispersion: 0.579828 3.32020218e+01 3.69306068e+01 2.13716238e+01 
kvector: 1.000000 0.000000 0.000000
--------------------------------------------------------------------------------
1.000000+0.000000i 0.000000+0.000000i -0.000000+0.000000i 
0.000000-0.000000i -0.570965+0.417132i -0.695771-0.126105i 
0.000000-0.000000i -0.570965+0.417132i 0.695771+0.126105i 
--------------------------------------------------------------------------------
dispersion: 0.586899 3.34520344e+01 3.73063255e+01 2.12026095e+01 
kvector: 1.000000 0.000000 0.000000
--------------------------------------------------------------------------------
1.000000+0.000000i 0.000000+0.000000i -0.000000+0.000000i 
0.000000-0.000000i -0.565855+0.424038i -0.695893-0.125428i 
0.000000-0.000000i -0.565855+0.424038i 0.695893+0.125428i 
--------------------------------------------------------------------------------
dispersion: 0.593970 3.36909405e+01 3.76639734e+01 2.10158289e+01 
kvector: 1.000000 0.000000 0.000000
--------------------------------------------------------------------------------
1.000000+0.000000i 0.000000+0.000000i -0.000000+0.000000i 
0.000000-0.000000i -0.561799+0.429397i -0.695178-0.129335i 
0.000000-0.000000i -0.561799+0.429397i 0.695178+0.129335i 
--------------------------------------------------------------------------------
dispersion: 0.601041 3.39195759e+01 3.80050821e+01 2.08147305e+01 
kvector: 1.000000 0.000000 0.000000
--------------------------------------------------------------------------------
1.000000+0.000000i 0.000000+0.000000i -0.000000+0.000000i 
0.000000-0.000000i -0.548608+0.446127i -0.699683-0.102195i 
0.000000-0.000000i -0.548608+0.446127i 0.699683+0.102195i 
--------------------------------------------------------------------------------
dispersion: 0.608112 3.41387877e+01 3.83311997e+01 2.06030626e+01 
kvector: 1.000000 0.000000 0.000000
--------------------------------------------------------------------------------
1.000000+0.000000i 0.000000+0.000000i -0.000000+0.000000i 
0.000000-0.000000i -0.533692+0.463867i -0.701222-0.091039i 
0.000000-0.000000i -0.533692+0.463867i 0.701222+0.091039i 
--------------------------------------------------------------------------------
dispersion: 0.615183 3.43494141e+01 3.86438653e+01 2.03848463e+01 
kvector: 1.000000 0.000000 0.000000
--------------------------------------------------------------------------------
1.000000+0.000000i 0.000000+0.000000i -0.000000+0.000000i 
0.000000-0.000000i -0.508729+0.491116i -0.703969-0.066543i 
0.000000-0.000000i -0.508729+0.491116i 0.703969+0.066543i 
--------------------------------------------------------------------------------
dispersion: 0.622254 3.45522649e+01 3.89445833e+01 2.01643394e+01 
kvector: 1.000000 0.000000 0.000000
--------------------------------------------------------------------------------
1.000000+0.000000i 0.000000+0.000000i -0.000000+0.000000i 
0.000000-0.000000i -0.508194+0.491669i -0.703557-0.070765i 
0.000000-0.000000i -0.508194+0.491669i 0.703557+0.070765i 
--------------------------------------------------------------------------------
dispersion: 0.629325 3.47481020e+01 3.92347974e+01 1.99459891e+01 
kvector: 1.000000 0.000000 0.000000
--------------------------------------------------------------------------------
1.000000+0.000000i 0.000000+0.000000i -0.000000+0.000000i 
0.000000-0.000000i -0.488705+0.511046i -0.703454-0.071777i 
0.000000-0.000000i -0.488705+0.511046i 0.703454+0.071777i 
--------------------------------------------------------------------------------
dispersion: 0.636396 3.49376215e+01 3.95158655e+01 1.97343724e+01 
kvector: 1.000000 0.000000 0.000000
--------------------------------------------------------------------------------
1.000000+0.000000i 0.000000+0.000000i -0.000000+0.000000i 
-0.000000-0.000000i -0.484636+0.514906i -0.704218-0.063856i 
0.000000-0.000000i -0.484636+0.514906i 0.704218+0.063856i 
--------------------------------------------------------------------------------
dispersion: 0.643467 3.51214359e+01 3.97890353e+01 1.95341223e+01 
kvector: 1.000000 0.000000 0.000000
--------------------------------------------------------------------------------
1.000000+0.000000i 0.000000+0.000000i -0.000000+0.000000i 
-0.000000-0.000000i -0.471235+0.527198i -0.706802-0.020761i 
0.000000-0.000000i -0.471235+0.527198i 0.706802+0.020761i 
--------------------------------------------------------------------------------
dispersion: 0.650538 3.53000590e+01 4.00554211e+01 1.93498415e+01 
kvector: 1.000000 0.000000 0.000000
--------------------------------------------------------------------------------
1.000000+0.000000i 0.000000+0.000000i -0.000000+0.000000i 
-0.000000-0.000000i -0.469521+0.528725i -0.707033-0.010244i 
0.000000-0.000000i -0.469521+0.528725i 0.707033+0.010244i 
--------------------------------------------------------------------------------
dispersion: 0.657609 3.54738921e+01 4.03159831e+01 1.91860014e+01 
kvector: 1.000000 0.000000 0.000000
--------------------------------------------------------------------------------
1.000000+0.000000i 0.000000+0.000000i -0.000000+0.000000i 
-0.000000-0.000000i -0.462406+0.534958i -0.706728-0.023155i 
0.000000-0.000000i -0.462406+0.534958i 0.706728+0.023155i 
--------------------------------------------------------------------------------
dispersion: 0.664680 3.56432119e+01 4.05715082e+01 1.90468312e+01 
kvector: 1.000000 0.000000 0.000000
--------------------------------------------------------------------------------
1.000000+0.000000i 0.000000+0.000000i -0.000000+0.000000i 
-0.000000-0.000000i -0.446004+0.548708i -0.706457-0.030296i 
0.000000-0.000000i -0.446004+0.548708i 0.706457+0.030296i 
--------------------------------------------------------------------------------
dispersion: 0.671751 3.58081620e+01 4.08225945e+01 1.89362004e+01 
kvector: 1.000000 0.000000 0.000000
--------------------------------------------------------------------------------
1.000000+0.000000i 0.000000+0.000000i -0.000000+0.000000i 
-0.000000-0.000000i -0.429828+0.561469i -0.706325-0.033234i 
0.000000-0.000000i -0.429828+0.561469i 0.706325+0.033234i 
--------------------------------------------------------------------------------
dispersion: 0.678823 3.59687460e+01 4.10696378e+01 1.88574999e+01 
kvector: 1.000000 0.000000 0.000000
--------------------------------------------------------------------------------
1.000000+0.000000i 0.000000+0.000000i -0.000000+0.000000i 
-0.000000-0.000000i -0.438590+0.554652i -0.706602-0.026713i 
0.000000-0.000000i -0.438590+0.554652i 0.706602+0.026713i 
--------------------------------------------------------------------------------
dispersion: 0.685894 3.61248238e+01 4.13128228e+01 1.88135297e+01 
kvector: 1.000000 0.000000 0.000000
--------------------------------------------------------------------------------
1.000000+0.000000i 0.000000+0.000000i -0.000000+0.000000i 
-0.000000-0.000000i -0.423050+0.566594i -0.707042-0.009607i 
0.000000-0.000000i -0.423050+0.566594i 0.707042+0.009607i 
--------------------------------------------------------------------------------
dispersion: 0.692965 3.62761109e+01 4.15521165e+01 1.88064008e+01 
kvector: 1.000000 0.000000 0.000000
--------------------------------------------------------------------------------
1.000000+0.000000i 0.000000+0.000000i -0.000000+0.000000i 
-0.000000-0.000000i -0.423039+0.566602i -0.707052+0.008787i 
0.000000-0.000000i -0.423039+0.566602i 0.707052-0.008787i 
--------------------------------------------------------------------------------
dispersion: 0.700036 3.64221802e+01 4.17872664e+01 1.88374597e+01 
kvector: 1.000000 0.000000 0.000000
--------------------------------------------------------------------------------
1.000000+0.000000i 0.000000+0.000000i -0.000000+0.000000i 
-0.000000-0.000000i -0.407697+0.577740i -0.707072+0.007040i 
0.000000-0.000000i -0.407697+0.577740i 0.707072-0.007040i 
--------------------------------------------------------------------------------
dispersion: 0.707107 3.65624673e+01 4.20178021e+01 1.89072412e+01 
