-28.963388 0.000000
-28.673754 0.000000
-28.384120 0.000000
-28.094486 0.000000
-27.804853 0.000000
-27.515219 0.000000
-27.225585 0.000000
-26.935951 0.000000
-26.646317 0.000000
-26.356683 0.000000
-26.067049 0.000000
-25.777415 0.000000
-25.487782 0.000000
-25.198148 0.000000
-24.908514 0.000000
-24.618880 0.000000
-24.329246 0.000000
-24.039612 0.000000
-23.749978 0.000000
-23.460344 0.000000
-23.170710 0.000000
-22.881077 0.000000
-22.591443 0.000000
-22.301809 0.000000
-22.012175 0.000000
-21.722541 0.000000
-21.432907 0.000000
-21.143273 0.000000
-20.853639 0.000000
-20.564006 0.000000
-20.274372 0.000000
-19.984738 0.000000
-19.695104 0.000000
-19.405470 0.000000
-19.115836 0.000000
-18.826202 0.000000
-18.536568 0.000000
-18.246934 0.000000
-17.957301 0.000000
-17.667667 0.000000
-17.378033 0.000000
-17.088399 0.000000
-16.798765 0.000000
-16.509131 0.000000
-16.219497 0.000000
-15.929863 0.000000
-15.640230 0.000000
-15.350596 0.000000
-15.060962 0.000000
-14.771328 0.000000
-14.481694 0.000000
-14.192060 0.000000
-13.902426 0.000000
-13.612792 0.000000
-13.323159 0.000000
-13.033525 0.000000
-12.743891 0.000000
-12.454257 0.000000
-12.164623 0.000000
-11.874989 0.000000
-11.585355 0.000000
-11.295721 0.000000
-11.006087 0.000000
-10.716454 0.000000
-10.426820 0.004496
-10.137186 0.000749
-9.847552 0.003497
-9.557918 0.001748
-9.268284 0.000749
-8.978650 0.001499
-8.689016 0.000000
-8.399383 0.003746
-8.109749 0.007493
-7.820115 0.002498
-7.530481 0.002248
-7.240847 0.003497
-6.951213 0.002747
-6.661579 0.006494
-6.371945 0.004246
-6.082311 0.005245
-5.792678 0.002997
-5.503044 0.004745
-5.213410 0.003746
-4.923776 0.007493
-4.634142 0.002747
-4.344508 0.001499
-4.054874 0.001748
-3.765240 0.000500
-3.475607 0.000000
-3.185973 0.000749
-2.896339 0.000749
-2.606705 0.000000
-2.317071 0.001499
-2.027437 0.001499
-1.737803 0.000000
-1.448169 0.000000
-1.158536 0.000000
-0.868902 0.000000
-0.579268 0.000000
-0.289634 0.000250
0.000000 0.000500
0.289634 0.000000
0.579268 0.000000
0.868902 0.000000
1.158536 0.000000
1.448169 0.000000
1.737803 0.002248
2.027437 0.001499
2.317071 0.001748
2.606705 0.000999
2.896339 0.001998
3.185973 0.003497
3.475607 0.004995
3.765240 0.006244
4.054874 0.005495
4.344508 0.006743
4.634142 0.005495
4.923776 0.007742
5.213410 0.006993
5.503044 0.005495
5.792678 0.011489
6.082311 0.010740
6.371945 0.004496
6.661579 0.010490
6.951213 0.009990
7.240847 0.012238
7.530481 0.006743
7.820115 0.012738
8.109749 0.013487
8.399383 0.009990
8.689016 0.005245
8.978650 0.004995
9.268284 0.020230
9.557918 0.013237
9.847552 0.022228
10.137186 0.024726
10.426820 0.010740
10.716454 0.021479
11.006087 0.023727
11.295721 0.017982
11.585355 0.027223
11.874989 0.021229
12.164623 0.043707
12.454257 0.036714
12.743891 0.043707
13.033525 0.044706
13.323159 0.064437
13.612792 0.071930
13.902426 0.067434
14.192060 0.079922
14.481694 0.085667
14.771328 0.120632
15.060962 0.097155
15.350596 0.119883
15.640230 0.131871
15.929863 0.112640
16.219497 0.116137
16.509131 0.090911
16.798765 0.098904
17.088399 0.077425
17.378033 0.089663
17.667667 0.093659
17.957301 0.101401
18.246934 0.087415
18.536568 0.104148
18.826202 0.102150
19.115836 0.096906
19.405470 0.101901
19.695104 0.120133
19.984738 0.102150
20.274372 0.120383
20.564006 0.143111
20.853639 0.136867
21.143273 0.113889
21.432907 0.122131
21.722541 0.133620
22.012175 0.112390
22.301809 0.093409
22.591443 0.086915
22.881077 0.122880
23.170710 0.124878
23.460344 0.107895
23.749978 0.115887
24.039612 0.107895
24.329246 0.118385
24.618880 0.107895
24.908514 0.084667
25.198148 0.109643
25.487782 0.118385
25.777415 0.084168
26.067049 0.083169
26.356683 0.082669
26.646317 0.095407
26.935951 0.085417
27.225585 0.076426
27.515219 0.078923
27.804853 0.100402
28.094486 0.085417
28.384120 0.099403
28.673754 0.109393
28.963388 0.143610
29.253022 0.120133
29.542656 0.115138
29.832290 0.120882
30.121924 0.132121
30.411557 0.127126
30.701191 0.175579
30.990825 0.118884
31.280459 0.088164
31.570093 0.089163
31.859727 0.080671
32.149361 0.075926
32.438995 0.050701
32.728629 0.067684
33.018262 0.071930
33.307896 0.061440
33.597530 0.046954
33.887164 0.051949
34.176798 0.079672
34.466432 0.047204
34.756066 0.056195
35.045700 0.068433
35.335333 0.066685
35.624967 0.073428
35.914601 0.073428
36.204235 0.080422
36.493869 0.071930
36.783503 0.082170
37.073137 0.090662
37.362771 0.079423
37.652405 0.070681
37.942038 0.078673
38.231672 0.072679
38.521306 0.069432
38.810940 0.061690
39.100574 0.071680
39.390208 0.041460
39.679842 0.071430
39.969476 0.066685
40.259109 0.051700
40.548743 0.055696
40.838377 0.061190
41.128011 0.049202
41.417645 0.058943
41.707279 0.058943
41.996913 0.053698
42.286547 0.049202
42.576180 0.061440
42.865814 0.050201
43.155448 0.067434
43.445082 0.058443
43.734716 0.059192
44.024350 0.038213
44.313984 0.047204
44.603618 0.037463
44.893252 0.016484
45.182885 0.015735
45.472519 0.007493
45.762153 0.005245
46.051787 0.005994
46.341421 0.007493
46.631055 0.002248
46.920689 0.008242
47.210323 0.002997
47.499956 0.005245
47.789590 0.001499
48.079224 0.000749
48.368858 0.003746
48.658492 0.002997
48.948126 0.004496
49.237760 0.013487
49.527394 0.001499
49.817028 0.001499
50.106661 0.000749
50.396295 0.003746
50.685929 0.002997
50.975563 0.002997
51.265197 0.003746
51.554831 0.004496
51.844465 0.004496
52.134099 0.000749
52.423732 0.001499
52.713366 0.004496
53.003000 0.002997
53.292634 0.000000
53.582268 0.000749
53.871902 0.006743
54.161536 0.001499
54.451170 0.001499
54.740803 0.000749
55.030437 0.001499
55.320071 0.004496
55.609705 0.000749
55.899339 0.000000
56.188973 0.001499
56.478607 0.002997
56.768241 0.000000
57.057875 0.000749
57.347508 0.000749
57.637142 0.000000
57.926776 0.000000
58.216410 0.000000
58.506044 0.000000
58.795678 0.000000
59.085312 0.000000
59.374946 0.000000
59.664579 0.000000
59.954213 0.000000
60.243847 0.000000
60.533481 0.000000
60.823115 0.000000
61.112749 0.000000
61.402383 0.000000
61.692017 0.000000
61.981651 0.000000
62.271284 0.000000
62.560918 0.000000
62.850552 0.000000
63.140186 0.000000
63.429820 0.000000
63.719454 0.000000
64.009088 0.000000
64.298722 0.000000
64.588355 0.000000
64.877989 0.000000
65.167623 0.000000
65.457257 0.000000
65.746891 0.000000
66.036525 0.000000
66.326159 0.000000
66.615793 0.000000
66.905426 0.000000
67.195060 0.000000
67.484694 0.000000
67.774328 0.000000
68.063962 0.000000
68.353596 0.000000
68.643230 0.000000
68.932864 0.000000
69.222498 0.000000
69.512131 0.000000
69.801765 0.000000
70.091399 0.000000
70.381033 0.000000
70.670667 0.000000
70.960301 0.000000
71.249935 0.000000
71.539569 0.000000
71.829202 0.000000
72.118836 0.000000
72.408470 0.000000
72.698104 0.000000
72.987738 0.000000
73.277372 0.000000
73.567006 0.000000
73.856640 0.000000
74.146273 0.000000
74.435907 0.000000
74.725541 0.000000
75.015175 0.000000
75.304809 0.000000
75.594443 0.000000
75.884077 0.000000
76.173711 0.000000
76.463345 0.000000
76.752978 0.000000
77.042612 0.000000
77.332246 0.000000
77.621880 0.000000
77.911514 0.000000
78.201148 0.000000
78.490782 0.000000
78.780416 0.000000
79.070049 0.000000
79.359683 0.000000
79.649317 0.000000
79.938951 0.000000
80.228585 0.000000
80.518219 0.000000
80.807853 0.000000
81.097487 0.000000
81.387121 0.000000
81.676754 0.000000
81.966388 0.000000
82.256022 0.000000
82.545656 0.000000
82.835290 0.000000
83.124924 0.000000
83.414558 0.000000
83.704192 0.000000
83.993825 0.000000
84.283459 0.000000
84.573093 0.000000
84.862727 0.000000
85.152361 0.000000
85.441995 0.000000
85.731629 0.000000
86.021263 0.000000
86.310896 0.000000
86.600530 0.000000
